"../../../Engine/Content/EditorBlueprintResources/StandardMacros.uasset" 0
"../../../../../../Users/Megqport/Documents/Unreal Projects/Shooter/Content/FirstPerson/Character/Mesh/SK_Mannequin_Arms_Skeleton.uasset" 1
"../../../../../../Users/Megqport/Documents/Unreal Projects/Shooter/Content/FirstPerson/Animations/FirstPerson_Run.uasset" 2
"../../../../../../Users/Megqport/Documents/Unreal Projects/Shooter/Content/FirstPerson/Animations/FirstPerson_JumpStart.uasset" 3
"../../../../../../Users/Megqport/Documents/Unreal Projects/Shooter/Content/FirstPerson/Animations/FirstPerson_JumpLoop.uasset" 4
"../../../../../../Users/Megqport/Documents/Unreal Projects/Shooter/Content/FirstPerson/Animations/FirstPerson_JumpEnd.uasset" 5
"../../../../../../Users/Megqport/Documents/Unreal Projects/Shooter/Content/FirstPerson/Animations/FirstPerson_Idle.uasset" 6
"../../../../../../Users/Megqport/Documents/Unreal Projects/Shooter/Content/FirstPerson/Animations/FirstPerson_AnimBP.uasset" 7
"../../../../../../Users/Megqport/Documents/Unreal Projects/Shooter/Content/FirstPerson/Character/Mesh/FirstPersonAnimBlueprint_Copy.uasset" 8
"../../../../../../Users/Megqport/Documents/Unreal Projects/Shooter/Content/FirstPerson/Character/Textures/UE4_LOGO_CARD.uasset" 9
"../../../../../../Users/Megqport/Documents/Unreal Projects/Shooter/Content/FirstPerson/FPWeapon/Materials/MaterialLayers/ML_Plastic_Shiny_Beige_LOGO.uasset" 10
"../../../../../../Users/Megqport/Documents/Unreal Projects/Shooter/Content/FirstPerson/FPWeapon/Materials/MaterialLayers/T_ML_FineRubber.uasset" 11
"../../../../../../Users/Megqport/Documents/Unreal Projects/Shooter/Content/FirstPerson/FPWeapon/Materials/MaterialLayers/T_ML_Rubber_Blue_01_D.uasset" 12
"../../../../../../Users/Megqport/Documents/Unreal Projects/Shooter/Content/FirstPerson/FPWeapon/Materials/MaterialLayers/T_ML_Rubber_Blue_01_N.uasset" 13
"../../../../../../Users/Megqport/Documents/Unreal Projects/Shooter/Content/FirstPerson/FPWeapon/Materials/MaterialLayers/ML_GlossyBlack_Latex_UE4.uasset" 14
"../../../../../../Users/Megqport/Documents/Unreal Projects/Shooter/Content/FirstPerson/FPWeapon/Materials/MaterialLayers/ML_Plastic_Shiny_Beige.uasset" 15
"../../../../../../Users/Megqport/Documents/Unreal Projects/Shooter/Content/FirstPerson/FPWeapon/Materials/MaterialLayers/ML_Screen.uasset" 16
"../../../../../../Users/Megqport/Documents/Unreal Projects/Shooter/Content/FirstPerson/FPWeapon/Materials/MaterialLayers/T_ML_Aluminum01.uasset" 17
"../../../../../../Users/Megqport/Documents/Unreal Projects/Shooter/Content/FirstPerson/FPWeapon/Materials/MaterialLayers/T_ML_Aluminum01_N.uasset" 18
"../../../../../../Users/Megqport/Documents/Unreal Projects/Shooter/Content/FirstPerson/FPWeapon/Materials/MaterialLayers/ML_SoftMetal_UE4.uasset" 19
"../../../../../../Users/Megqport/Documents/Unreal Projects/Shooter/Content/FirstPerson/FPWeapon/Textures/T_FPGun_M.uasset" 20
"../../../../../../Users/Megqport/Documents/Unreal Projects/Shooter/Content/FirstPerson/FPWeapon/Textures/T_FPGun_N.uasset" 21
"../../../Engine/Content/Functions/MaterialLayerFunctions/MatLayerBlend_Simple.uasset" 22
"../../../Engine/Content/Functions/Engine_MaterialFunctions02/Utility/BlendAngleCorrectedNormals.uasset" 23
"../../../Engine/Content/Functions/MaterialLayerFunctions/MatLayerBlend_NormalBlend.uasset" 24
"../../../../../../Users/Megqport/Documents/Unreal Projects/Shooter/Content/FirstPerson/FPWeapon/Materials/M_FPGun.uasset" 25
"../../../../../../Users/Megqport/Documents/Unreal Projects/Shooter/Content/FirstPerson/FPWeapon/Mesh/SK_FPGun_Skeleton.uasset" 26
"../../../../../../Users/Megqport/Documents/Unreal Projects/Shooter/Content/FirstPerson/FPWeapon/Mesh/SK_FPGun.uasset" 27
"../../../../../../Users/Megqport/Documents/Unreal Projects/Shooter/Content/FirstPerson/FPWeapon/Mesh/SK_FPGun_PhysicsAsset.uasset" 28
"../../../../../../Users/Megqport/Documents/Unreal Projects/Shooter/Content/FirstPerson/Meshes/BaseMaterial.uasset" 29
"../../../../../../Users/Megqport/Documents/Unreal Projects/Shooter/Content/FirstPerson/Meshes/CubeMaterialOverride.uasset" 30
"../../../../../../Users/Megqport/Documents/Unreal Projects/Shooter/Content/FirstPerson/Textures/FirstPersonCrosshair.uasset" 31
"../../../../../../Users/Megqport/Documents/Unreal Projects/Shooter/Content/Meshes/GunMesh.uasset" 32
"../../../../../../Users/Megqport/Documents/Unreal Projects/Shooter/Content/FirstPersonCPP/Blueprints/Gun.uasset" 33
"../../../../../../Users/Megqport/Documents/Unreal Projects/Shooter/Content/FirstPersonCPP/Blueprints/ShooterGameMode_BP.uasset" 34
"../../../../../../Users/Megqport/Documents/Unreal Projects/Shooter/Content/FirstPersonCPP/Widget/ShieldBar.uasset" 35
"../../../../../../Users/Megqport/Documents/Unreal Projects/Shooter/Content/FirstPersonCPP/Widget/LifeBar.uasset" 36
"../../../../../../Users/Megqport/Documents/Unreal Projects/Shooter/Content/FirstPersonCPP/Mesh/Material.uasset" 37
"../../../../../../Users/Megqport/Documents/Unreal Projects/Shooter/Content/FirstPersonCPP/Mesh/EnemyBoard.uasset" 38
"../../../../../../Users/Megqport/Documents/Unreal Projects/Shooter/Content/FirstPersonCPP/Blueprints/Enemies/LivingEnemy_BP.uasset" 39
"../../../../../../Users/Megqport/Documents/Unreal Projects/Shooter/Content/FirstPersonCPP/Widget/ArmorBar.uasset" 40
"../../../../../../Users/Megqport/Documents/Unreal Projects/Shooter/Content/FirstPersonCPP/Blueprints/Enemies/MechanicEnemy_BP.uasset" 41
"../../../../../../Users/Megqport/Documents/Unreal Projects/Shooter/Content/FirstPersonCPP/Mesh/lambert4.uasset" 42
"../../../../../../Users/Megqport/Documents/Unreal Projects/Shooter/Content/FirstPersonCPP/Mesh/blinn1.uasset" 43
"../../../../../../Users/Megqport/Documents/Unreal Projects/Shooter/Content/FirstPersonCPP/Mesh/Arena_pCylinder63.uasset" 44
"../../../../../../Users/Megqport/Documents/Unreal Projects/Shooter/Content/FirstPersonCPP/Mesh/lambert5.uasset" 45
"../../../../../../Users/Megqport/Documents/Unreal Projects/Shooter/Content/FirstPersonCPP/Mesh/Arena_pDisc1.uasset" 46
"../../../../../../Users/Megqport/Documents/Unreal Projects/Shooter/Content/FirstPersonCPP/Mesh/lambert6.uasset" 47
"../../../../../../Users/Megqport/Documents/Unreal Projects/Shooter/Content/FirstPersonCPP/Mesh/Arena_pDisc2.uasset" 48
"../../../../../../Users/Megqport/Documents/Unreal Projects/Shooter/Content/FirstPersonCPP/Mesh/lambert1.uasset" 49
"../../../../../../Users/Megqport/Documents/Unreal Projects/Shooter/Content/FirstPersonCPP/Mesh/Arena_pPlane9.uasset" 50
"../../../../../../Users/Megqport/Documents/Unreal Projects/Shooter/Content/FirstPersonCPP/Mesh/Material_001.uasset" 51
"../../../../../../Users/Megqport/Documents/Unreal Projects/Shooter/Content/Geometry/Meshes/CubeMaterial.uasset" 52
"../../../../../../Users/Megqport/Documents/Unreal Projects/Shooter/Content/Geometry/Meshes/1M_Cube_Chamfer.uasset" 53
"../../../../../../Users/Megqport/Documents/Unreal Projects/Shooter/Content/Geometry/Meshes/TemplateFloor.uasset" 54
"../../../../../../Users/Megqport/Documents/Unreal Projects/Shooter/Content/StarterContent/Materials/M_Basic_Wall.uasset" 55
"../../../../../../Users/Megqport/Documents/Unreal Projects/Shooter/Content/StarterContent/Architecture/Pillar_50x500.uasset" 56
"../../../../../../Users/Megqport/Documents/Unreal Projects/Shooter/Content/StarterContent/Architecture/Wall_400x300.uasset" 57
"../../../../../../Users/Megqport/Documents/Unreal Projects/Shooter/Content/StarterContent/Architecture/Wall_400x400.uasset" 58
"../../../../../../Users/Megqport/Documents/Unreal Projects/Shooter/Content/StarterContent/Architecture/Wall_500x500.uasset" 59
"../../../../../../Users/Megqport/Documents/Unreal Projects/Shooter/Content/StarterContent/Architecture/Wall_Door_400x400.uasset" 60
"../../../../../../Users/Megqport/Documents/Unreal Projects/Shooter/Content/StarterContent/Architecture/Wall_Window_400x400.uasset" 61
"../../../../../../Users/Megqport/Documents/Unreal Projects/Shooter/Content/StarterContent/Audio/Collapse01.uasset" 62
"../../../../../../Users/Megqport/Documents/Unreal Projects/Shooter/Content/StarterContent/Audio/Collapse02.uasset" 63
"../../../../../../Users/Megqport/Documents/Unreal Projects/Shooter/Content/StarterContent/Audio/Explosion01.uasset" 64
"../../../../../../Users/Megqport/Documents/Unreal Projects/Shooter/Content/StarterContent/Audio/Explosion02.uasset" 65
"../../../../../../Users/Megqport/Documents/Unreal Projects/Shooter/Content/StarterContent/Audio/Fire01.uasset" 66
"../../../../../../Users/Megqport/Documents/Unreal Projects/Shooter/Content/StarterContent/Audio/Fire_Sparks01.uasset" 67
"../../../../../../Users/Megqport/Documents/Unreal Projects/Shooter/Content/StarterContent/Audio/Light01.uasset" 68
"../../../../../../Users/Megqport/Documents/Unreal Projects/Shooter/Content/StarterContent/Audio/Light01_Cue.uasset" 69
"../../../../../../Users/Megqport/Documents/Unreal Projects/Shooter/Content/StarterContent/Audio/Light02.uasset" 70
"../../../../../../Users/Megqport/Documents/Unreal Projects/Shooter/Content/StarterContent/Audio/Light02_Cue.uasset" 71
"../../../../../../Users/Megqport/Documents/Unreal Projects/Shooter/Content/StarterContent/Audio/Smoke01.uasset" 72
"../../../../../../Users/Megqport/Documents/Unreal Projects/Shooter/Content/StarterContent/Audio/Starter_Birds01.uasset" 73
"../../../../../../Users/Megqport/Documents/Unreal Projects/Shooter/Content/StarterContent/Audio/Starter_Music01.uasset" 74
"../../../../../../Users/Megqport/Documents/Unreal Projects/Shooter/Content/StarterContent/Audio/Starter_Wind05.uasset" 75
"../../../../../../Users/Megqport/Documents/Unreal Projects/Shooter/Content/StarterContent/Audio/Starter_Wind06.uasset" 76
"../../../../../../Users/Megqport/Documents/Unreal Projects/Shooter/Content/StarterContent/Audio/Steam01.uasset" 77
"../../../../../../Users/Megqport/Documents/Unreal Projects/Shooter/Content/StarterContent/Textures/T_Smoke_Tiled_D.uasset" 78
"../../../../../../Users/Megqport/Documents/Unreal Projects/Shooter/Content/StarterContent/Textures/T_Smoke_SubUV.uasset" 79
"../../../../../../Users/Megqport/Documents/Unreal Projects/Shooter/Content/StarterContent/Particles/Materials/M_smoke_subUV.uasset" 80
"../../../Engine/Content/Functions/Engine_MaterialFunctions01/Gradient/RadialGradient.uasset" 81
"../../../../../../Users/Megqport/Documents/Unreal Projects/Shooter/Content/StarterContent/Particles/Materials/M_radial_ramp.uasset" 82
"../../../../../../Users/Megqport/Documents/Unreal Projects/Shooter/Content/StarterContent/Particles/Materials/m_flare_01.uasset" 83
"../../../../../../Users/Megqport/Documents/Unreal Projects/Shooter/Content/StarterContent/Textures/T_Burst_M.uasset" 84
"../../../../../../Users/Megqport/Documents/Unreal Projects/Shooter/Content/StarterContent/Particles/Materials/M_Burst.uasset" 85
"../../../../../../Users/Megqport/Documents/Unreal Projects/Shooter/Content/StarterContent/Textures/T_Explosion_SubUV.uasset" 86
"../../../../../../Users/Megqport/Documents/Unreal Projects/Shooter/Content/StarterContent/Particles/Materials/M_explosion_subUV.uasset" 87
"../../../../../../Users/Megqport/Documents/Unreal Projects/Shooter/Content/StarterContent/Particles/P_Explosion.uasset" 88
"../../../../../../Users/Megqport/Documents/Unreal Projects/Shooter/Content/StarterContent/Audio/Explosion_Cue.uasset" 89
"../../../../../../Users/Megqport/Documents/Unreal Projects/Shooter/Content/StarterContent/Blueprints/Blueprint_Effect_Explosion.uasset" 90
"../../../Engine/Content/EditorMeshes/ColorCalibrator/T_ColorGrid.uasset" 91
"../../../../../../Users/Megqport/Documents/Unreal Projects/Shooter/Content/StarterContent/Materials/M_ColorGrid_LowSpec.uasset" 92
"../../../../../../Users/Megqport/Documents/Unreal Projects/Shooter/Content/StarterContent/Textures/T_Bush_N.uasset" 93
"../../../../../../Users/Megqport/Documents/Unreal Projects/Shooter/Content/StarterContent/Textures/T_Bush_D.uasset" 94
"../../../../../../Users/Megqport/Documents/Unreal Projects/Shooter/Content/StarterContent/Props/Materials/M_Bush.uasset" 95
"../../../../../../Users/Megqport/Documents/Unreal Projects/Shooter/Content/StarterContent/Props/SM_Bush.uasset" 96
"../../../../../../Users/Megqport/Documents/Unreal Projects/Shooter/Content/StarterContent/Textures/T_Chair_N.uasset" 97
"../../../../../../Users/Megqport/Documents/Unreal Projects/Shooter/Content/StarterContent/Textures/T_Chair_M.uasset" 98
"../../../../../../Users/Megqport/Documents/Unreal Projects/Shooter/Content/StarterContent/Props/Materials/M_Chair.uasset" 99
"../../../../../../Users/Megqport/Documents/Unreal Projects/Shooter/Content/StarterContent/Props/SM_Couch.uasset" 100
"../../../../../../Users/Megqport/Documents/Unreal Projects/Shooter/Content/StarterContent/Textures/T_Door_N.uasset" 101
"../../../../../../Users/Megqport/Documents/Unreal Projects/Shooter/Content/StarterContent/Textures/T_Door_M.uasset" 102
"../../../../../../Users/Megqport/Documents/Unreal Projects/Shooter/Content/StarterContent/Props/Materials/M_Door.uasset" 103
"../../../../../../Users/Megqport/Documents/Unreal Projects/Shooter/Content/StarterContent/Materials/M_Glass.uasset" 104
"../../../../../../Users/Megqport/Documents/Unreal Projects/Shooter/Content/StarterContent/Props/SM_Door.uasset" 105
"../../../../../../Users/Megqport/Documents/Unreal Projects/Shooter/Content/StarterContent/Props/Materials/M_MaterialSphere_Plain.uasset" 106
"../../../../../../Users/Megqport/Documents/Unreal Projects/Shooter/Content/StarterContent/Props/Materials/M_MaterialSphere.uasset" 107
"../../../../../../Users/Megqport/Documents/Unreal Projects/Shooter/Content/StarterContent/Props/SM_MatPreviewMesh_02.uasset" 108
"../../../../../../Users/Megqport/Documents/Unreal Projects/Shooter/Content/StarterContent/Textures/T_RockMesh_N.uasset" 109
"../../../../../../Users/Megqport/Documents/Unreal Projects/Shooter/Content/StarterContent/Textures/T_RockMesh_M.uasset" 110
"../../../../../../Users/Megqport/Documents/Unreal Projects/Shooter/Content/StarterContent/Textures/T_Rock_Basalt_D.uasset" 111
"../../../../../../Users/Megqport/Documents/Unreal Projects/Shooter/Content/StarterContent/Textures/T_Detail_Rocky_N.uasset" 112
"../../../../../../Users/Megqport/Documents/Unreal Projects/Shooter/Content/StarterContent/Props/Materials/M_Rock.uasset" 113
"../../../../../../Users/Megqport/Documents/Unreal Projects/Shooter/Content/StarterContent/Props/SM_Rock.uasset" 114
"../../../../../../Users/Megqport/Documents/Unreal Projects/Shooter/Content/StarterContent/Textures/T_Shelf_N.uasset" 115
"../../../../../../Users/Megqport/Documents/Unreal Projects/Shooter/Content/StarterContent/Textures/T_Shelf_M.uasset" 116
"../../../../../../Users/Megqport/Documents/Unreal Projects/Shooter/Content/StarterContent/Props/Materials/M_Shelf.uasset" 117
"../../../../../../Users/Megqport/Documents/Unreal Projects/Shooter/Content/StarterContent/Props/SM_Shelf.uasset" 118
"../../../../../../Users/Megqport/Documents/Unreal Projects/Shooter/Content/StarterContent/Materials/M_Basic_Floor.uasset" 119
"../../../../../../Users/Megqport/Documents/Unreal Projects/Shooter/Content/StarterContent/Props/SM_Stairs.uasset" 120
"../../../../../../Users/Megqport/Documents/Unreal Projects/Shooter/Content/StarterContent/Shapes/Shape_Cone.uasset" 121
"../../../../../../Users/Megqport/Documents/Unreal Projects/Shooter/Content/StarterContent/Shapes/Shape_Cylinder.uasset" 122
"../../../../../../Users/Megqport/Documents/Unreal Projects/Shooter/Content/StarterContent/Shapes/Shape_NarrowCapsule.uasset" 123
"../../../../../../Users/Megqport/Documents/Unreal Projects/Shooter/Content/StarterContent/Shapes/Shape_Pipe.uasset" 124
"../../../../../../Users/Megqport/Documents/Unreal Projects/Shooter/Content/StarterContent/Shapes/Shape_Pipe_180.uasset" 125
"../../../../../../Users/Megqport/Documents/Unreal Projects/Shooter/Content/StarterContent/Shapes/Shape_Pipe_90.uasset" 126
"../../../../../../Users/Megqport/Documents/Unreal Projects/Shooter/Content/StarterContent/Shapes/Shape_Plane.uasset" 127
"../../../../../../Users/Megqport/Documents/Unreal Projects/Shooter/Content/StarterContent/Shapes/Shape_Torus.uasset" 128
"../../../../../../Users/Megqport/Documents/Unreal Projects/Shooter/Content/StarterContent/Shapes/Shape_Trim.uasset" 129
"../../../../../../Users/Megqport/Documents/Unreal Projects/Shooter/Content/StarterContent/Shapes/Shape_Trim_90_In.uasset" 130
"../../../../../../Users/Megqport/Documents/Unreal Projects/Shooter/Content/StarterContent/Shapes/Shape_Trim_90_Out.uasset" 131
"../../../../../../Users/Megqport/Documents/Unreal Projects/Shooter/Content/StarterContent/Shapes/Shape_TriPyramid.uasset" 132
"../../../../../../Users/Megqport/Documents/Unreal Projects/Shooter/Content/StarterContent/Shapes/Shape_Tube.uasset" 133
"../../../../../../Users/Megqport/Documents/Unreal Projects/Shooter/Content/StarterContent/Shapes/Shape_Wedge_A.uasset" 134
"../../../../../../Users/Megqport/Documents/Unreal Projects/Shooter/Content/StarterContent/Shapes/Shape_Wedge_B.uasset" 135
"../../../../../../Users/Megqport/Documents/Unreal Projects/Shooter/Content/StarterContent/Shapes/Shape_WideCapsule.uasset" 136
"../../../Engine/Content/Animation/DefaultAnimBoneCompressionSettings.uasset" 137
"../../../Engine/Content/Animation/DefaultAnimCurveCompressionSettings.uasset" 138
"../../../Engine/Content/Functions/Engine_MaterialFunctions01/Opacity/CameraDepthFade.uasset" 139
"../../../Engine/Content/EngineMaterials/T_Default_Material_Grid_N.uasset" 140
"../../../Engine/Content/EngineMaterials/T_Default_Material_Grid_M.uasset" 141
"../../../Engine/Content/EngineMaterials/WorldGridMaterial.uasset" 142
"../../../Engine/Content/ArtTools/RenderToTexture/Meshes/S_1_Unit_Plane.uasset" 143
"../../../Engine/Content/EngineMaterials/DefaultMaterial.uasset" 144
"../../../Engine/Content/BasicShapes/Cone.uasset" 145
"../../../Engine/Content/BasicShapes/Cube.uasset" 146
"../../../Engine/Content/BasicShapes/Plane.uasset" 147
"../../../Engine/Content/BasicShapes/Sphere.uasset" 148
"../../../Engine/Content/EditorLandscapeResources/DataLayer.uasset" 149
"../../../Engine/Content/EditorLandscapeResources/DefaultAlphaTexture.uasset" 150
"../../../Engine/Content/EditorMaterials/MAT_Groups_Toggle.uasset" 151
"../../../Engine/Content/EditorMaterials/MAT_Groups_Visibility.uasset" 152
"../../../Engine/Content/EditorMaterials/PreviewShadowIndicator.uasset" 153
"../../../Engine/Content/EditorMaterials/PreviewShadowIndicatorMaterial.uasset" 154
"../../../Engine/Content/EditorMaterials/MatineeGroups/MAT_ColorTrack.uasset" 155
"../../../Engine/Content/EditorMaterials/MatineeGroups/MAT_Groups_Anim.uasset" 156
"../../../Engine/Content/EditorMaterials/MatineeGroups/MAT_Groups_AudioMaster.uasset" 157
"../../../Engine/Content/EditorMaterials/MatineeGroups/MAT_Groups_Director.uasset" 158
"../../../Engine/Content/EditorMaterials/MatineeGroups/MAT_Groups_Event.uasset" 159
"../../../Engine/Content/EditorMaterials/MatineeGroups/MAT_Groups_Fade.uasset" 160
"../../../Engine/Content/EditorMaterials/MatineeGroups/MAT_Groups_Float.uasset" 161
"../../../Engine/Content/EditorMaterials/MatineeGroups/MAT_Groups_Move.uasset" 162
"../../../Engine/Content/EditorMaterials/MatineeGroups/MAT_Groups_Slomo.uasset" 163
"../../../Engine/Content/EditorMaterials/MatineeGroups/MAT_Groups_Sound.uasset" 164
"../../../Engine/Content/EditorMaterials/MatineeGroups/MAT_Groups_Vector.uasset" 165
"../../../Engine/Content/EditorMaterials/ParticleSystems/PSysThumbnail_NoImage.uasset" 166
"../../../Engine/Content/EditorMaterials/ParticleSystems/PSysThumbnail_OOD.uasset" 167
"../../../Engine/Content/EditorMaterials/Camera/CineMat.uasset" 168
"../../../Engine/Content/EditorMaterials/Camera/MI_CineMat_Rig.uasset" 169
"../../../Engine/Content/EditorMeshes/Camera/SM_CraneRig_Arm.uasset" 170
"../../../Engine/Content/EditorMeshes/Camera/SM_CraneRig_Base.uasset" 171
"../../../Engine/Content/EditorMeshes/Camera/SM_CraneRig_Body.uasset" 172
"../../../Engine/Content/EditorMeshes/Camera/SM_CraneRig_Mount.uasset" 173
"../../../Engine/Content/EditorMeshes/Camera/SM_RailRig_Mount.uasset" 174
"../../../Engine/Content/EditorMeshes/Camera/SM_RailRig_Track.uasset" 175
"../../../Engine/Content/EditorResources/BSPVertex.uasset" 176
"../../../Engine/Content/EditorResources/EmptyActor.uasset" 177
"../../../Engine/Content/EditorResources/S_Actor.uasset" 178
"../../../Engine/Content/EditorResources/S_Note.uasset" 179
"../../../Engine/Content/EditorResources/S_Solver.uasset" 180
"../../../Engine/Content/EditorResources/S_Terrain.uasset" 181
"../../../Engine/Content/EditorResources/S_Trigger.uasset" 182
"../../../Engine/Content/EditorResources/AudioIcons/S_AudioComponent.uasset" 183
"../../../Engine/Content/EditorResources/AudioIcons/S_AudioComponent_AutoActivate.uasset" 184
"../../../Engine/Content/EditorResources/LightIcons/S_LightError.uasset" 185
"../../../Engine/Content/EditorResources/SequenceRecorder/Countdown.uasset" 186
"../../../Engine/Content/EditorResources/SequenceRecorder/RecordingIndicator.uasset" 187
"../../../Engine/Content/EngineDamageTypes/DmgTypeBP_Environmental.uasset" 188
"../../../Engine/Content/EngineDebugMaterials/DebugEditorMaterial.uasset" 189
"../../../Engine/Content/EngineDebugMaterials/DebugMeshMaterial.uasset" 190
"../../../Engine/Content/EngineDebugMaterials/M_SimpleUnlitTranslucent.uasset" 191
"../../../Engine/Content/EngineDebugMaterials/VolumeToRender.uasset" 192
"../../../Engine/Content/Functions/Engine_MaterialFunctions02/Utility/CameraDirectionVector.uasset" 193
"../../../Engine/Content/EngineDebugMaterials/M_VolumeRenderSphereTracePP.uasset" 194
"../../../Engine/Content/Functions/Engine_MaterialFunctions01/Shading/ConvertFromDiffSpec.uasset" 195
"../../../Engine/Content/EngineDebugMaterials/VertexColorMaterial.uasset" 196
"../../../Engine/Content/EngineDebugMaterials/WireframeMaterial.uasset" 197
"../../../Engine/Content/EngineFonts/Faces/RobotoRegular.uasset" 198
"../../../Engine/Content/EngineFonts/Faces/RobotoLight.uasset" 199
"../../../Engine/Content/EngineFonts/Faces/RobotoItalic.uasset" 200
"../../../Engine/Content/EngineFonts/Faces/RobotoBoldItalic.uasset" 201
"../../../Engine/Content/EngineFonts/Faces/RobotoBold.uasset" 202
"../../../Engine/Content/EngineFonts/Faces/DroidSansFallback.uasset" 203
"../../../Engine/Content/EngineFonts/Roboto.uasset" 204
"../../../Engine/Content/EngineMaterials/BaseFlattenNormalMap.uasset" 205
"../../../Engine/Content/EngineMaterials/BaseFlattenGrayscaleMap.uasset" 206
"../../../Engine/Content/EngineMaterials/BaseFlattenEmissiveMap.uasset" 207
"../../../Engine/Content/EngineMaterials/BaseFlattenDiffuseMap.uasset" 208
"../../../Engine/Content/EngineMaterials/BaseFlattenMaterial.uasset" 209
"../../../Engine/Content/EngineMaterials/BlueNoise.uasset" 210
"../../../Engine/Content/EngineMaterials/DefaultBloomKernel.uasset" 211
"../../../Engine/Content/EngineMaterials/DefaultBokeh.uasset" 212
"../../../Engine/Content/EngineMaterials/DefaultDiffuse.uasset" 213
"../../../Engine/Content/EngineMaterials/DefaultDeferredDecalMaterial.uasset" 214
"../../../Engine/Content/EngineMaterials/DefaultLightFunctionMaterial.uasset" 215
"../../../Engine/Content/EngineMaterials/DefaultPhysicalMaterial.uasset" 216
"../../../Engine/Content/Functions/Engine_MaterialFunctions02/Utility/BreakOutFloat2Components.uasset" 217
"../../../Engine/Content/EngineMaterials/DefaultPostProcessMaterial.uasset" 218
"../../../Engine/Content/EngineFonts/RobotoDistanceField.uasset" 219
"../../../Engine/Content/EngineMaterials/DefaultTextMaterialOpaque.uasset" 220
"../../../Engine/Content/EngineMaterials/DefaultWhiteGrid.uasset" 221
"../../../Engine/Content/EngineMaterials/DefaultWhiteGrid_Low.uasset" 222
"../../../Engine/Content/EngineMaterials/EmissiveMeshMaterial.uasset" 223
"../../../Engine/Content/EngineMaterials/GizmoMaterial.uasset" 224
"../../../Engine/Content/EngineMaterials/Good64x64TilingNoiseHighFreq.uasset" 225
"../../../Engine/Content/EngineMaterials/MiniFont.uasset" 226
"../../../Engine/Content/EngineMaterials/InvalidLightmapSettings.uasset" 227
"../../../Engine/Content/EngineMaterials/M_InvalidLightmapSettings.uasset" 228
"../../../Engine/Content/Functions/Engine_MaterialFunctions02/WorldPositionOffset/CameraOffset.uasset" 229
"../../../Engine/Content/EngineMaterials/PhAT_JointLimitMaterial.uasset" 230
"../../../Engine/Content/EngineMaterials/PreintegratedSkinBRDF.uasset" 231
"../../../Engine/Content/EngineMaterials/RemoveSurfaceMaterial.uasset" 232
"../../../Engine/Content/EngineMaterials/WeightMapPlaceholderTexture.uasset" 233
"../../../Engine/Content/EngineResources/WhiteSquareTexture.uasset" 234
"../../../Engine/Content/EngineMaterials/Widget3DPassThrough.uasset" 235
"../../../Engine/Content/EngineMaterials/Widget3DPassThrough_Masked.uasset" 236
"../../../Engine/Content/EngineMaterials/Widget3DPassThrough_Opaque.uasset" 237
"../../../Engine/Content/EngineMaterials/Widget3DPassThrough_Masked_OneSided.uasset" 238
"../../../Engine/Content/EngineMaterials/Widget3DPassThrough_Opaque_OneSided.uasset" 239
"../../../Engine/Content/EngineMaterials/Widget3DPassThrough_Translucent.uasset" 240
"../../../Engine/Content/EngineMaterials/Widget3DPassThrough_Translucent_OneSided.uasset" 241
"../../../Engine/Content/EngineMeshes/Cylinder.uasset" 242
"../../../Engine/Content/EngineMeshes/Sphere.uasset" 243
"../../../Engine/Content/EngineResources/Black.uasset" 244
"../../../Engine/Content/EngineResources/DefaultTextureCube.uasset" 245
"../../../Engine/Content/EngineResources/DefaultVolumeTexture2D.uasset" 246
"../../../Engine/Content/EngineResources/DefaultVolumeTexture.uasset" 247
"../../../Engine/Content/EngineResources/GradientTexture0.uasset" 248
"../../../Engine/Content/EngineSky/VolumetricClouds/T_NoiseErosion.uasset" 249
"../../../Engine/Content/EngineSky/VolumetricClouds/T_VolumeNoiseErosion32.uasset" 250
"../../../Engine/Content/EngineSky/VolumetricClouds/CloudWeatherTexture.uasset" 251
"../../../Engine/Content/EngineSky/VolumetricClouds/CloudGradientTexture.uasset" 252
"../../../Engine/Content/EngineSky/VolumetricClouds/T_NoiseShape64.uasset" 253
"../../../Engine/Content/EngineSky/VolumetricClouds/T_VolumeNoiseShape64.uasset" 254
"../../../Engine/Content/Functions/Engine_MaterialFunctions02/Utility/MakeFloat2.uasset" 255
"../../../Engine/Content/EngineSky/VolumetricClouds/m_SimpleVolumetricCloud.uasset" 256
"../../../Engine/Content/EngineSky/VolumetricClouds/m_SimpleVolumetricCloud_Inst.uasset" 257
"../../../Engine/Content/EngineSounds/Master.uasset" 258
"../../../Engine/Content/Functions/Engine_MaterialFunctions01/Shading/PowerToRoughness.uasset" 259
"../../../Engine/Content/Maps/Templates/Thumbnails/Default.uasset" 260
"../../../Engine/Content/Maps/Templates/Thumbnails/TimeOfDay.uasset" 261
"../../../Engine/Content/Maps/Templates/Thumbnails/VR-Basic.uasset" 262
"../../../Engine/Content/MobileResources/T_MobileControls_texture.uasset" 263
"../../../Engine/Content/MobileResources/T_MobileMenu2.uasset" 264
"../../../Engine/Content/MobileResources/HUD/AnalogHat.uasset" 265
"../../../Engine/Content/MobileResources/HUD/VirtualJoystick_Thumb.uasset" 266
"../../../Engine/Content/MobileResources/HUD/VirtualJoystick_Background.uasset" 267
"../../../Engine/Content/MobileResources/HUD/DefaultVirtualJoysticks.uasset" 268
"../../../Engine/Content/MobileResources/HUD/LeftVirtualJoystickOnly.uasset" 269
"../../../Engine/Content/MobileResources/HUD/MobileHUDButton1_off.uasset" 270
"../../../Engine/Content/MobileResources/HUD/MobileHUDButton1_on.uasset" 271
"../../../Engine/Content/MobileResources/HUD/MobileHUDButton2_off.uasset" 272
"../../../Engine/Content/MobileResources/HUD/MobileHUDButton2_on.uasset" 273
"../../../Engine/Content/MobileResources/HUD/MobileHUDButton3.uasset" 274
"../../../Engine/Content/MobileResources/HUD/MobileHUDButtonFire.uasset" 275
"../../../Engine/Content/MobileResources/HUD/MobileHUDDirectionPad.uasset" 276
"../../../Engine/Content/MobileResources/HUD/MobileHUDDirectionPad2.uasset" 277
"../../../Engine/Content/MobileResources/HUD/MobileHUDDirectionPad3.uasset" 278
"../../../Engine/Content/MobileResources/HUD/MobileHUDDirectionStick.uasset" 279
"../../../Engine/Content/MobileResources/HUD/T_Castle_ThumbstickInner.uasset" 280
"../../../Engine/Content/MobileResources/HUD/T_Castle_ThumbstickOutter.uasset" 281
"../../../Engine/Content/Tutorial/ContentIntroCurve.uasset" 282
"../../../Engine/Content/Tutorial/Basics/LevelEditorAttract.uasset" 283
"../../../Engine/Content/VREditor/TransformGizmo/TranslucentTransformGizmoMaterial.uasset" 284
"../../../Engine/Content/VREditor/LaserPointer/VR_LaserPower_01.uasset" 285
"../../../Engine/Content/VREditor/TransformGizmo/TransformGizmoMaterial.uasset" 286
"../../../Engine/Content/VREditor/TransformGizmo/BoundingBoxCorner.uasset" 287
"../../../Engine/Content/VREditor/TransformGizmo/BoundingBoxEdge.uasset" 288
"../../../Engine/Content/VREditor/TransformGizmo/PlaneTranslationHandle.uasset" 289
"../../../Engine/Content/VREditor/TransformGizmo/Xray.uasset" 290
"../../../Engine/Content/VREditor/TransformGizmo/Main.uasset" 291
"../../../Engine/Content/VREditor/TransformGizmo/SM_Sequencer_Key.uasset" 292
"../../../Engine/Content/VREditor/TransformGizmo/SM_Sequencer_Node.uasset" 293
"../../Plugins/2D/Paper2D/Content/PlaceholderTextures/DummySpriteTexture.uasset" 294
"../../Plugins/2D/Paper2D/Content/DummySprite.uasset" 295
"../../Plugins/2D/Paper2D/Content/DefaultPaperTerrainMaterial.uasset" 296
"../../Plugins/2D/Paper2D/Content/DefaultSpriteMaterial.uasset" 297
"../../Plugins/2D/Paper2D/Content/MaskedUnlitSpriteMaterial.uasset" 298
"../../Plugins/2D/Paper2D/Content/OpaqueUnlitSpriteMaterial.uasset" 299
"../../../Engine/Content/Functions/Engine_MaterialFunctions02/ObjectLocalBounds.uasset" 300
"../../../Engine/Content/Functions/Engine_MaterialFunctions02/Utility/BreakOutFloat3Components.uasset" 301
"../../Plugins/Editor/SpeedTreeImporter/Content/SpeedTree9/UnpackInteger3.uasset" 302
"../../Plugins/Editor/SpeedTreeImporter/Content/SpeedTree9/UnpackDirection.uasset" 303
"../../Plugins/Editor/SpeedTreeImporter/Content/SpeedTree9/game_wind_noise.uasset" 304
"../../../Engine/Content/Functions/Engine_MaterialFunctions02/SafeNormalize.uasset" 305
"../../Plugins/Editor/SpeedTreeImporter/Content/SpeedTree9/SpeedTreeWindMotion.uasset" 306
"../../Plugins/Editor/SpeedTreeImporter/Content/SpeedTree9/SpeedTreeBranchMotion.uasset" 307
"../../../Engine/Content/Functions/Engine_MaterialFunctions02/UVs/BoundingBoxBased_0-1_UVW.uasset" 308
"../../Plugins/Editor/SpeedTreeImporter/Content/SpeedTree9/SpeedTreeWind.uasset" 309
"../../Plugins/Editor/SpeedTreeImporter/Content/SpeedTree9/SpeedTreeBillboard.uasset" 310
"../../../Engine/Content/EngineResources/DefaultTexture.uasset" 311
"../../Plugins/Editor/SpeedTreeImporter/Content/SpeedTree9/SpeedTreeBillboardMaster.uasset" 312
"../../Plugins/Editor/SpeedTreeImporter/Content/SpeedTree9/SpeedTreeCameraFacing.uasset" 313
"../../Plugins/Editor/SpeedTreeImporter/Content/SpeedTree9/SpeedTreeMaster.uasset" 314
"../../../Engine/Content/ArtTools/RenderToTexture/Materials/Debug/M_Emissive_Color.uasset" 315
"../../../Engine/Content/BasicShapes/Cylinder.uasset" 316
"../../Plugins/Lumin/MagicLeapPassableWorld/Content/MagicLeapARPinInfoActor.uasset" 317
"../../../Engine/Content/Functions/Engine_MaterialFunctions02/Utility/BreakOutFloat4Components.uasset" 318
"../../../Engine/Content/Functions/Engine_MaterialFunctions02/Utility/MakeFloat3.uasset" 319
"../../Plugins/Runtime/Oculus/OculusVR/Content/Materials/OculusMR_ChromaKey.uasset" 320
"../../Plugins/Runtime/Oculus/OculusVR/Content/Materials/OculusMR_OpaqueColoredMaterial.uasset" 321
"../../Plugins/Runtime/Oculus/OculusVR/Content/Materials/PokeAHoleMaterial.uasset" 322
"../../../../../../Users/Megqport/Documents/Unreal Projects/Shooter/Content/Geometry/Meshes/1M_Cube.uasset" 323
"../../../../../../Users/Megqport/Documents/Unreal Projects/Shooter/Content/FirstPersonCPP/Mesh/Shotgun_sight_Skeleton.uasset" 324
"../../../../../../Users/Megqport/Documents/Unreal Projects/Shooter/Content/FirstPersonCPP/Mesh/Shotgun_sight_PhysicsAsset.uasset" 325
"../../../../../../Users/Megqport/Documents/Unreal Projects/Shooter/Content/FirstPersonCPP/Mesh/Shotgun_gun_Skeleton.uasset" 326
"../../../../../../Users/Megqport/Documents/Unreal Projects/Shooter/Content/FirstPersonCPP/Mesh/Shotgun_gun_PhysicsAsset.uasset" 327
"../../../../../../Users/Megqport/Documents/Unreal Projects/Shooter/Content/FirstPersonCPP/Mesh/Shotgun_grip_Skeleton.uasset" 328
"../../../../../../Users/Megqport/Documents/Unreal Projects/Shooter/Content/FirstPersonCPP/Mesh/Shotgun_grip_PhysicsAsset.uasset" 329
"../../../../../../Users/Megqport/Documents/Unreal Projects/Shooter/Content/FirstPersonCPP/Mesh/Shotgun_cover_Skeleton.uasset" 330
"../../../../../../Users/Megqport/Documents/Unreal Projects/Shooter/Content/FirstPersonCPP/Mesh/Shotgun_cover_PhysicsAsset.uasset" 331
"../../../../../../Users/Megqport/Documents/Unreal Projects/Shooter/Content/FirstPersonCPP/Mesh/Shotgun_box01_Skeleton.uasset" 332
"../../../../../../Users/Megqport/Documents/Unreal Projects/Shooter/Content/FirstPersonCPP/Mesh/Shotgun_box01_PhysicsAsset.uasset" 333
"../../../../../../Users/Megqport/Documents/Unreal Projects/Shooter/Content/FirstPersonCPP/Mesh/M4_roughness.uasset" 334
"../../../../../../Users/Megqport/Documents/Unreal Projects/Shooter/Content/FirstPersonCPP/Mesh/M4_normal.uasset" 335
"../../../../../../Users/Megqport/Documents/Unreal Projects/Shooter/Content/FirstPersonCPP/Mesh/M4_metalness.uasset" 336
"../../../../../../Users/Megqport/Documents/Unreal Projects/Shooter/Content/FirstPersonCPP/Mesh/M4_albedo.uasset" 337
"../../../../../../Users/Megqport/Documents/Unreal Projects/Shooter/Content/FirstPersonCPP/Mesh/M4.uasset" 338
"../../../../../../Users/Megqport/Documents/Unreal Projects/Shooter/Content/FirstPersonCPP/Mesh/Shotgun.uasset" 339
"../../../Engine/Content/EngineSky/T_Sky_Stars.uasset" 340
"../../../Engine/Content/EngineSky/T_Sky_Clouds_M.uasset" 341
"../../../Engine/Content/EngineSky/T_Sky_Blue.uasset" 342
"../../../Engine/Content/EngineSky/M_Sky_Panning_Clouds2.uasset" 343
"../../../../../../Users/Megqport/Documents/Unreal Projects/Shooter/Content/FirstPersonCPP/Maps/FirstPersonExampleMap_BuiltData.uasset" 344
"../../../Engine/Content/EngineSky/SM_SkySphere.uasset" 345
"../../../Engine/Content/EngineSky/C_Sky_Zenith_Color.uasset" 346
"../../../Engine/Content/EngineSky/C_Sky_Horizon_Color.uasset" 347
"../../../Engine/Content/EngineSky/C_Sky_Cloud_Color.uasset" 348
"../../../Engine/Content/EngineSky/BP_Sky_Sphere.uasset" 349
"../../../../../../Users/Megqport/Documents/Unreal Projects/Shooter/Content/FirstPerson/Meshes/FirstPersonProjectileMaterial.uasset" 350
"../../../../../../Users/Megqport/Documents/Unreal Projects/Shooter/Content/FirstPerson/Meshes/FirstPersonProjectileMesh.uasset" 351
"../../../../../../Users/Megqport/Documents/Unreal Projects/Shooter/Content/FirstPersonCPP/Blueprints/FirstPersonProjectile.uasset" 352
"../../../../../../Users/Megqport/Documents/Unreal Projects/Shooter/Content/FirstPersonCPP/Widget/ScoreScreen.uasset" 353
"../../../../../../Users/Megqport/Documents/Unreal Projects/Shooter/Content/FirstPersonCPP/Mesh/Metal_Chrome.uasset" 354
"../../../../../../Users/Megqport/Documents/Unreal Projects/Shooter/Content/FirstPersonCPP/Mesh/Gold_1_faked_ref.uasset" 355
"../../../../../../Users/Megqport/Documents/Unreal Projects/Shooter/Content/FirstPersonCPP/Mesh/BulletMesh.uasset" 356
"../../Plugins/FX/Niagara/Content/Enums/ENiagaraSystemInactiveMode.uasset" 357
"../../Plugins/FX/Niagara/Content/Enums/ENiagara_EmitterStateOptions.uasset" 358
"../../Plugins/FX/Niagara/Content/Functions/System/SystemChangeState.uasset" 359
"../../Plugins/FX/Niagara/Content/Modules/System/SystemState.uasset" 360
"../../Plugins/FX/Niagara/Content/Enums/ENiagaraRandomnessMode.uasset" 361
"../../Plugins/FX/Niagara/Content/Functions/GetRandomInfo.uasset" 362
"../../Plugins/FX/Niagara/Content/Functions/RandomRangeFloat.uasset" 363
"../../Plugins/FX/Niagara/Content/Functions/Localspace/SimulationPosition.uasset" 364
"../../Plugins/FX/Niagara/Content/Modules/Spawn/Initialization/InitializeRibbon.uasset" 365
"../../Plugins/FX/Niagara/Content/Modules/Emitter/SpawnRate.uasset" 366
"../../Plugins/FX/Niagara/Content/DefaultAssets/DefaultRIbbonMaterial.uasset" 367
"../../Plugins/FX/Niagara/Content/Enums/ENiagaraInactiveMode.uasset" 368
"../../Plugins/FX/Niagara/Content/Enums/ENiagaraEmitterScalabilityMode_Limited.uasset" 369
"../../Plugins/FX/Niagara/Content/Enums/ENiagaraEmitterLifeCycleMode.uasset" 370
"../../Plugins/FX/Niagara/Content/Enums/ENiagaraChannelCorrelation.uasset" 371
"../../Plugins/FX/Niagara/Content/Enums/ENiagara_UVFlippingMode.uasset" 372
"../../Plugins/FX/Niagara/Content/Enums/ENiagara_SpriteRotationMode.uasset" 373
"../../Plugins/FX/Niagara/Content/Enums/ENiagara_SizeScaleMode.uasset" 374
"../../Plugins/FX/Niagara/Content/Enums/ENiagara_PositionInitializationMode.uasset" 375
"../../Plugins/FX/Niagara/Content/Enums/ENiagara_MassInitializationMode.uasset" 376
"../../Plugins/FX/Niagara/Content/Enums/ENiagara_InfiniteLoopDuration.uasset" 377
"../../Plugins/FX/Niagara/Content/Enums/ENiagara_ColorInitializationMode.uasset" 378
"../../Plugins/FX/Niagara/Content/Modules/Update/Lifetime/ParticleState.uasset" 379
"../../Plugins/FX/Niagara/Content/Modules/Update/Color/Color.uasset" 380
"../../Plugins/FX/Niagara/Content/Enums/ENiagaraRandomnessEvaluation.uasset" 381
"../../Plugins/FX/Niagara/Content/Enums/ENiagaraCoordinateSpace.uasset" 382
"../../Plugins/FX/Niagara/Content/Enums/ENiagara_LifetimeMode.uasset" 383
"../../Plugins/FX/Niagara/Content/Functions/V2/CalculateRandomRange.uasset" 384
"../../Plugins/FX/Niagara/Content/Functions/V2/CalculateRandomRangeFloat.uasset" 385
"../../Plugins/FX/Niagara/Content/Functions/V2/CalculateRandomRangeInteger.uasset" 386
"../../Plugins/FX/Niagara/Content/Functions/V2/CalculateRandomBool.uasset" 387
"../../Plugins/FX/Niagara/Content/Functions/Localspace/TransformBase.uasset" 388
"../../Plugins/FX/Niagara/Content/Functions/Localspace/TransformVector.uasset" 389
"../../Plugins/FX/Niagara/Content/Functions/LinearColor/HueShiftLinearColor.uasset" 390
"../../Plugins/FX/Niagara/Content/Modules/Spawn/Initialization/V2/InitializeParticle.uasset" 391
"../../Plugins/FX/Niagara/Content/Functions/DirectionAndLengthSafe.uasset" 392
"../../Plugins/FX/Niagara/Content/Modules/Solvers/SolveForcesAndVelocity.uasset" 393
"../../Plugins/FX/Niagara/Content/Functions/Emitter/EmitterChangeState.uasset" 394
"../../Plugins/FX/Niagara/Content/Enums/ENiagaraExecutionStateManagement.uasset" 395
"../../Plugins/FX/Niagara/Content/Modules/Emitter/EmitterState.uasset" 396
"../../../../../../Users/Megqport/Documents/Unreal Projects/Shooter/Content/FirstPersonCPP/Particles/NI_Trail.uasset" 397
"../../../../../../Users/Megqport/Documents/Unreal Projects/Shooter/Content/FirstPersonCPP/Particles/NS_Trail.uasset" 398
"../../../../../../Users/Megqport/Documents/Unreal Projects/Shooter/Content/FirstPersonCPP/Blueprints/Bullet/Bullet_BP.uasset" 399
"../../Plugins/FX/Niagara/Content/Enums/ENiagaraSphereDistributionMode.uasset" 400
"../../Plugins/FX/Niagara/Content/Enums/ENiagaraScaleColorMode.uasset" 401
"../../Plugins/FX/Niagara/Content/Enums/ENiagaraMassByVolume.uasset" 402
"../../Plugins/FX/Niagara/Content/Enums/ENiagaraExpansionMode.uasset" 403
"../../Plugins/FX/Niagara/Content/Modules/Update/Size/ScaleSpriteSize.uasset" 404
"../../Plugins/FX/Niagara/Content/Modules/Update/Mass/CalculateSizeAndRotationalInertiaByMass.uasset" 405
"../../Plugins/FX/Niagara/Content/Modules/Update/Forces/GravityForce.uasset" 406
"../../Plugins/FX/Niagara/Content/Modules/Update/Forces/Drag.uasset" 407
"../../Plugins/FX/Niagara/Content/Modules/Update/Color/ScaleColor.uasset" 408
"../../Plugins/FX/Niagara/Content/Functions/RandomUnitVector.uasset" 409
"../../Plugins/FX/Niagara/Content/Functions/RandomVector.uasset" 410
"../../Plugins/FX/Niagara/Content/Functions/NormalizeDistanceRange.uasset" 411
"../../Plugins/FX/Niagara/Content/Functions/DistanceBasedFalloff.uasset" 412
"../../Plugins/FX/Niagara/Content/Modules/Spawn/Velocity/AddVelocityFromPoint.uasset" 413
"../../Plugins/FX/Niagara/Content/Functions/V2/CalculateRandomPointInSphere.uasset" 414
"../../Plugins/FX/Niagara/Content/Functions/SphericalToCartesianCoordinates.uasset" 415
"../../Plugins/FX/Niagara/Content/Functions/Rotation/FindQuatBetween.uasset" 416
"../../Plugins/FX/Niagara/Content/Functions/Rotation/MultiplyVectorWithQuaternion.uasset" 417
"../../Plugins/FX/Niagara/Content/Modules/Spawn/Location/V2/SphereLocation.uasset" 418
"../../Plugins/FX/Niagara/Content/Modules/Emitter/SpawnBurst_Instantaneous.uasset" 419
"../../Plugins/FX/Niagara/Content/DynamicInputs/ValueFromCurve/FloatFromCurve.uasset" 420
"../../Plugins/FX/Niagara/Content/DynamicInputs/UniformRange/V2/RandomRangeFloat.uasset" 421
"../../Plugins/FX/Niagara/Content/DynamicInputs/TypeConversions/Vector2DFromFloat.uasset" 422
"../../Plugins/FX/Niagara/Content/DynamicInputs/Helpers/SimulationPosition.uasset" 423
"../../../../../../Users/Megqport/Documents/Unreal Projects/Shooter/Content/FirstPersonCPP/Particles/NE_FireBurst.uasset" 424
"../../../../../../Users/Megqport/Documents/Unreal Projects/Shooter/Content/FirstPersonCPP/Particles/NS_FireBurst.uasset" 425
"../../../../../../Users/Megqport/Documents/Unreal Projects/Shooter/Content/FirstPersonCPP/Mesh/M1_carbine_roughness.uasset" 426
"../../../../../../Users/Megqport/Documents/Unreal Projects/Shooter/Content/FirstPersonCPP/Mesh/M1_carbine_normal.uasset" 427
"../../../../../../Users/Megqport/Documents/Unreal Projects/Shooter/Content/FirstPersonCPP/Mesh/M1_carbine_metalness.uasset" 428
"../../../../../../Users/Megqport/Documents/Unreal Projects/Shooter/Content/FirstPersonCPP/Mesh/M1_carbine_albedo.uasset" 429
"../../../../../../Users/Megqport/Documents/Unreal Projects/Shooter/Content/FirstPersonCPP/Mesh/M1_Carbine.uasset" 430
"../../../../../../Users/Megqport/Documents/Unreal Projects/Shooter/Content/FirstPersonCPP/Mesh/Sniper.uasset" 431
"../../../../../../Users/Megqport/Documents/Unreal Projects/Shooter/Content/FirstPersonCPP/Blueprints/Firearms/Sniper_BP.uasset" 432
"../../../../../../Users/Megqport/Documents/Unreal Projects/Shooter/Content/FirstPersonCPP/Mesh/ShotgunMesh.uasset" 433
"../../../../../../Users/Megqport/Documents/Unreal Projects/Shooter/Content/FirstPersonCPP/Blueprints/Firearms/Shotgun_BP.uasset" 434
"../../../../../../Users/Megqport/Documents/Unreal Projects/Shooter/Content/FirstPersonCPP/Blueprints/Firearms/Rifle.uasset" 435
"../../../../../../Users/Megqport/Documents/Unreal Projects/Shooter/Content/StarterContent/Textures/T_MacroVariation.uasset" 436
"../../../../../../Users/Megqport/Documents/Unreal Projects/Shooter/Content/StarterContent/Materials/M_Metal_Chrome.uasset" 437
"../../../../../../Users/Megqport/Documents/Unreal Projects/Shooter/Content/FirstPersonCPP/Mesh/Colt_Python.uasset" 438
"../../../../../../Users/Megqport/Documents/Unreal Projects/Shooter/Content/FirstPersonCPP/Mesh/Revolver.uasset" 439
"../../../../../../Users/Megqport/Documents/Unreal Projects/Shooter/Content/FirstPersonCPP/Blueprints/Firearms/Pistol.uasset" 440
"../../../../../../Users/Megqport/Documents/Unreal Projects/Shooter/Content/FirstPersonCPP/Widget/PlayerUI.uasset" 441
"../../../../../../Users/Megqport/Documents/Unreal Projects/Shooter/Content/FirstPersonCPP/Enum/EWallRunSide.uasset" 442
"../../../../../../Users/Megqport/Documents/Unreal Projects/Shooter/Content/FirstPersonCPP/Enum/EWallRunEndReason.uasset" 443
"../../../../../../Users/Megqport/Documents/Unreal Projects/Shooter/Content/FirstPersonCPP/Enum/EMovementState.uasset" 444
"../../../../../../Users/Megqport/Documents/Unreal Projects/Shooter/Content/FirstPerson/Character/Mesh/SK_Mannequin_Arms_PhysicsAsset.uasset" 445
"../../../../../../Users/Megqport/Documents/Unreal Projects/Shooter/Content/FirstPerson/Character/Textures/UE4_Mannequin_MAT_MASKA.uasset" 446
"../../../../../../Users/Megqport/Documents/Unreal Projects/Shooter/Content/FirstPerson/Character/Textures/UE4_Mannequin__normals.uasset" 447
"../../../../../../Users/Megqport/Documents/Unreal Projects/Shooter/Content/FirstPerson/Character/Materials/MaterialLayers/T_ML_Aluminum01_N.uasset" 448
"../../../../../../Users/Megqport/Documents/Unreal Projects/Shooter/Content/FirstPerson/Character/Materials/MaterialLayers/T_ML_Aluminum01.uasset" 449
"../../../../../../Users/Megqport/Documents/Unreal Projects/Shooter/Content/FirstPerson/Character/Materials/MaterialLayers/ML_SoftMetal_UE4.uasset" 450
"../../../../../../Users/Megqport/Documents/Unreal Projects/Shooter/Content/FirstPerson/Character/Materials/MaterialLayers/ML_Plastic_Shiny_Beige_LOGO.uasset" 451
"../../../../../../Users/Megqport/Documents/Unreal Projects/Shooter/Content/FirstPerson/Character/Materials/MaterialLayers/ML_Plastic_Shiny_Beige.uasset" 452
"../../../../../../Users/Megqport/Documents/Unreal Projects/Shooter/Content/FirstPerson/Character/Materials/MaterialLayers/T_ML_Rubber_Blue_01_N.uasset" 453
"../../../../../../Users/Megqport/Documents/Unreal Projects/Shooter/Content/FirstPerson/Character/Materials/MaterialLayers/T_ML_Rubber_Blue_01_D.uasset" 454
"../../../../../../Users/Megqport/Documents/Unreal Projects/Shooter/Content/FirstPerson/Character/Materials/MaterialLayers/ML_GlossyBlack_Latex_UE4.uasset" 455
"../../../../../../Users/Megqport/Documents/Unreal Projects/Shooter/Content/FirstPerson/Character/Materials/M_UE4Man_Body.uasset" 456
"../../../../../../Users/Megqport/Documents/Unreal Projects/Shooter/Content/FirstPerson/Character/Mesh/SK_Mannequin_Arms.uasset" 457
"../../../../../../Users/Megqport/Documents/Unreal Projects/Shooter/Content/FirstPerson/Audio/FirstPersonTemplateWeaponFire02.uasset" 458
"../../../../../../Users/Megqport/Documents/Unreal Projects/Shooter/Content/FirstPerson/Animations/FirstPerson_Fire.uasset" 459
"../../../../../../Users/Megqport/Documents/Unreal Projects/Shooter/Content/FirstPerson/Animations/FirstPersonFire_Montage.uasset" 460
"../../../../../../Users/Megqport/Documents/Unreal Projects/Shooter/Content/FirstPersonCPP/Blueprints/FirstPersonCharacter.uasset" 461
"../../../../../../Users/Megqport/Documents/Unreal Projects/Shooter/Content/FirstPersonCPP/Sprites/RobotEnemies.uasset" 462
"../../../../../../Users/Megqport/Documents/Unreal Projects/Shooter/Content/FirstPersonCPP/Widget/RobotEnemiesImage.uasset" 463
"../../../../../../Users/Megqport/Documents/Unreal Projects/Shooter/Content/FirstPersonCPP/Widget/DamageFeedbackWidget.uasset" 464
"../../../../../../Users/Megqport/Documents/Unreal Projects/Shooter/Content/FirstPersonCPP/Blueprints/DamageFeedback/DamageFeeback_BP.uasset" 465
"../../../../../../Users/Megqport/Documents/Unreal Projects/Shooter/Content/FirstPersonCPP/Widget/AmmunationDropInfo.uasset" 466
"../../../../../../Users/Megqport/Documents/Unreal Projects/Shooter/Content/StarterContent/Textures/T_Metal_Gold_D.uasset" 467
"../../../../../../Users/Megqport/Documents/Unreal Projects/Shooter/Content/StarterContent/Textures/T_Metal_Gold_N.uasset" 468
"../../../../../../Users/Megqport/Documents/Unreal Projects/Shooter/Content/StarterContent/Materials/M_Metal_Gold.uasset" 469
"../../../../../../Users/Megqport/Documents/Unreal Projects/Shooter/Content/FirstPersonCPP/Blueprints/Collectible/SniperAmmunationDrop.uasset" 470
"../../../../../../Users/Megqport/Documents/Unreal Projects/Shooter/Content/FirstPersonCPP/Blueprints/Collectible/ShotgunAmmunationDrop.uasset" 471
"../../../../../../Users/Megqport/Documents/Unreal Projects/Shooter/Content/FirstPersonCPP/Blueprints/Collectible/RifleAmmunationDrop.uasset" 472
"../../../../../../Users/Megqport/Documents/Unreal Projects/Shooter/Content/FirstPersonCPP/Blueprints/Collectible/PistolAmmunationDrop.uasset" 473
"../../../../../../Users/Megqport/Documents/Unreal Projects/Shooter/Content/FirstPersonCPP/Blueprints/Enemies/MechanicDummy_BP.uasset" 474
"../../../../../../Users/Megqport/Documents/Unreal Projects/Shooter/Content/FirstPersonCPP/Sprites/LivingEnemy.uasset" 475
"../../../../../../Users/Megqport/Documents/Unreal Projects/Shooter/Content/FirstPersonCPP/Widget/LivingEnemiesImage.uasset" 476
"../../../../../../Users/Megqport/Documents/Unreal Projects/Shooter/Content/FirstPersonCPP/Blueprints/Enemies/LivingDummy_BP.uasset" 477
"../../../../../../Users/Megqport/Documents/Unreal Projects/Shooter/Content/FirstPersonCPP/Blueprints/SpawnZone/EnemySpawnZone_BP.uasset" 478
"../../../../../../Users/Megqport/Documents/Unreal Projects/Shooter/Content/FirstPersonCPP/Maps/FirstPersonExampleMap.umap" 479
"../../../../../../Users/Megqport/Documents/Unreal Projects/Shooter/Content/FirstPersonCPP/Widget/MainMenu.uasset" 480
"../../../../../../Users/Megqport/Documents/Unreal Projects/Shooter/Content/FirstPersonCPP/Maps/MainMenu.umap" 481
"../../../Engine/Content/EditorMeshes/ColorCalibrator/M_GreyBall.uasset" 482
"../../../Engine/Content/EditorMeshes/ColorCalibrator/Color_checker.uasset" 483
"../../../Engine/Content/EditorMeshes/ColorCalibrator/M_ColorGrid.uasset" 484
"../../../Engine/Content/EditorMeshes/ColorCalibrator/M_ClearCoatBlack.uasset" 485
"../../../Engine/Content/EditorMeshes/ColorCalibrator/M_ClearCoat.uasset" 486
"../../../Engine/Content/EditorMeshes/ColorCalibrator/M_ChromeBall.uasset" 487
"../../../Engine/Content/EditorMeshes/ColorCalibrator/SM_ColorCalibrator.uasset" 488
"../../../../../../Users/Megqport/Documents/Unreal Projects/Shooter/Content/StarterContent/Maps/Advanced_Lighting_BuiltData.uasset" 489
"../../../../../../Users/Megqport/Documents/Unreal Projects/Shooter/Content/StarterContent/HDRI/HDRI_Epic_Courtyard_Daylight.uasset" 490
"../../../Engine/Content/MapTemplates/Sky/DaylightAmbientCubemap.uasset" 491
"../../../../../../Users/Megqport/Documents/Unreal Projects/Shooter/Content/StarterContent/Blueprints/Assets/M_LightStage_Skybox_Master.uasset" 492
"../../../../../../Users/Megqport/Documents/Unreal Projects/Shooter/Content/StarterContent/Blueprints/Assets/M_LightStage_Skybox_HDRI.uasset" 493
"../../../../../../Users/Megqport/Documents/Unreal Projects/Shooter/Content/StarterContent/Blueprints/Assets/M_LightStage_Arrows.uasset" 494
"../../../../../../Users/Megqport/Documents/Unreal Projects/Shooter/Content/StarterContent/Blueprints/Assets/SM_Arrows.uasset" 495
"../../../Engine/Content/EditorMaterials/Thumbnails/SkySphereMaterial.uasset" 496
"../../../../../../Users/Megqport/Documents/Unreal Projects/Shooter/Content/StarterContent/Blueprints/Assets/Skybox.uasset" 497
"../../../../../../Users/Megqport/Documents/Unreal Projects/Shooter/Content/StarterContent/Blueprints/Assets/M_LightStage_Skybox_Black.uasset" 498
"../../../../../../Users/Megqport/Documents/Unreal Projects/Shooter/Content/StarterContent/Blueprints/Assets/SunlightColorLUT.uasset" 499
"../../../../../../Users/Megqport/Documents/Unreal Projects/Shooter/Content/StarterContent/Blueprints/Assets/FogBrightnessLUT.uasset" 500
"../../../../../../Users/Megqport/Documents/Unreal Projects/Shooter/Content/StarterContent/Blueprints/BP_LightStudio.uasset" 501
"../../../../../../Users/Megqport/Documents/Unreal Projects/Shooter/Content/StarterContent/Materials/M_AssetPlatform.uasset" 502
"../../../../../../Users/Megqport/Documents/Unreal Projects/Shooter/Content/StarterContent/Architecture/SM_AssetPlatform.uasset" 503
"../../../../../../Users/Megqport/Documents/Unreal Projects/Shooter/Content/StarterContent/Maps/Advanced_Lighting.umap" 504
"../../../../../../Users/Megqport/Documents/Unreal Projects/Shooter/Content/StarterContent/Textures/T_TableRound_N.uasset" 505
"../../../../../../Users/Megqport/Documents/Unreal Projects/Shooter/Content/StarterContent/Textures/T_TableRound_M.uasset" 506
"../../../../../../Users/Megqport/Documents/Unreal Projects/Shooter/Content/StarterContent/Props/Materials/M_TableRound.uasset" 507
"../../../../../../Users/Megqport/Documents/Unreal Projects/Shooter/Content/StarterContent/Props/SM_TableRound.uasset" 508
"../../../../../../Users/Megqport/Documents/Unreal Projects/Shooter/Content/StarterContent/Textures/T_Statue_N.uasset" 509
"../../../../../../Users/Megqport/Documents/Unreal Projects/Shooter/Content/StarterContent/Textures/T_Statue_M.uasset" 510
"../../../../../../Users/Megqport/Documents/Unreal Projects/Shooter/Content/StarterContent/Props/Materials/M_Statue.uasset" 511
"../../../../../../Users/Megqport/Documents/Unreal Projects/Shooter/Content/StarterContent/Props/Materials/M_StatueGlass.uasset" 512
"../../../../../../Users/Megqport/Documents/Unreal Projects/Shooter/Content/StarterContent/Props/SM_Statue.uasset" 513
"../../../../../../Users/Megqport/Documents/Unreal Projects/Shooter/Content/StarterContent/Props/SM_Chair.uasset" 514
"../../../../../../Users/Megqport/Documents/Unreal Projects/Shooter/Content/StarterContent/Textures/T_Metal_Copper_D.uasset" 515
"../../../../../../Users/Megqport/Documents/Unreal Projects/Shooter/Content/StarterContent/Materials/M_Metal_Copper.uasset" 516
"../../../../../../Users/Megqport/Documents/Unreal Projects/Shooter/Content/StarterContent/Textures/T_Metal_Aluminum_D.uasset" 517
"../../../../../../Users/Megqport/Documents/Unreal Projects/Shooter/Content/StarterContent/Materials/M_Metal_Burnished_Steel.uasset" 518
"../../../../../../Users/Megqport/Documents/Unreal Projects/Shooter/Content/StarterContent/Materials/M_Metal_Brushed_Nickel.uasset" 519
"../../../../../../Users/Megqport/Documents/Unreal Projects/Shooter/Content/StarterContent/Maps/Minimal_Default_BuiltData.uasset" 520
"../../../../../../Users/Megqport/Documents/Unreal Projects/Shooter/Content/StarterContent/Audio/Starter_Background_Cue.uasset" 521
"../../../../../../Users/Megqport/Documents/Unreal Projects/Shooter/Content/StarterContent/Architecture/Floor_400x400.uasset" 522
"../../../../../../Users/Megqport/Documents/Unreal Projects/Shooter/Content/StarterContent/Maps/Minimal_Default.umap" 523
"../../../../../../Users/Megqport/Documents/Unreal Projects/Shooter/Content/StarterContent/Textures/T_Perlin_Noise_M.uasset" 524
"../../../../../../Users/Megqport/Documents/Unreal Projects/Shooter/Content/StarterContent/Textures/T_Brick_Clay_Old_N.uasset" 525
"../../../../../../Users/Megqport/Documents/Unreal Projects/Shooter/Content/StarterContent/Textures/T_Brick_Clay_Old_D.uasset" 526
"../../../../../../Users/Megqport/Documents/Unreal Projects/Shooter/Content/StarterContent/Materials/M_Brick_Clay_Old.uasset" 527
"../../../../../../Users/Megqport/Documents/Unreal Projects/Shooter/Content/StarterContent/Textures/T_Brick_Clay_New_N.uasset" 528
"../../../../../../Users/Megqport/Documents/Unreal Projects/Shooter/Content/StarterContent/Textures/T_Brick_Clay_New_M.uasset" 529
"../../../../../../Users/Megqport/Documents/Unreal Projects/Shooter/Content/StarterContent/Textures/T_Brick_Clay_New_D.uasset" 530
"../../../../../../Users/Megqport/Documents/Unreal Projects/Shooter/Content/StarterContent/Materials/M_Brick_Clay_New.uasset" 531
"../../../../../../Users/Megqport/Documents/Unreal Projects/Shooter/Content/StarterContent/Textures/T_Brick_Clay_Beveled_N.uasset" 532
"../../../../../../Users/Megqport/Documents/Unreal Projects/Shooter/Content/StarterContent/Textures/T_Brick_Clay_Beveled_M.uasset" 533
"../../../../../../Users/Megqport/Documents/Unreal Projects/Shooter/Content/StarterContent/Textures/T_Brick_Clay_Beveled_D.uasset" 534
"../../../../../../Users/Megqport/Documents/Unreal Projects/Shooter/Content/StarterContent/Materials/M_Brick_Clay_Beveled.uasset" 535
"../../../Engine/Content/Functions/Engine_MaterialFunctions03/Procedurals/ComputeFilterWidth.uasset" 536
"../../../Engine/Content/EngineMaterials/AntiAliasedTextMaterialTranslucent.uasset" 537
"../../../../../../Users/Megqport/Documents/Unreal Projects/Shooter/Content/StarterContent/Maps/StarterMap_BuiltData.uasset" 538
"../../../../../../Users/Megqport/Documents/Unreal Projects/Shooter/Content/StarterContent/Textures/T_Lamp_N.uasset" 539
"../../../../../../Users/Megqport/Documents/Unreal Projects/Shooter/Content/StarterContent/Textures/T_Lamp_M.uasset" 540
"../../../../../../Users/Megqport/Documents/Unreal Projects/Shooter/Content/StarterContent/Props/Materials/M_Lamp.uasset" 541
"../../../../../../Users/Megqport/Documents/Unreal Projects/Shooter/Content/StarterContent/Props/SM_Lamp_Wall.uasset" 542
"../../../../../../Users/Megqport/Documents/Unreal Projects/Shooter/Content/StarterContent/Blueprints/Blueprint_WallSconce.uasset" 543
"../../../../../../Users/Megqport/Documents/Unreal Projects/Shooter/Content/StarterContent/Particles/P_Steam_Lit.uasset" 544
"../../../../../../Users/Megqport/Documents/Unreal Projects/Shooter/Content/StarterContent/Audio/Steam01_Cue.uasset" 545
"../../../../../../Users/Megqport/Documents/Unreal Projects/Shooter/Content/StarterContent/Blueprints/Blueprint_Effect_Steam.uasset" 546
"../../../../../../Users/Megqport/Documents/Unreal Projects/Shooter/Content/StarterContent/Textures/T_Spark_Core.uasset" 547
"../../../../../../Users/Megqport/Documents/Unreal Projects/Shooter/Content/StarterContent/Particles/Materials/M_Spark.uasset" 548
"../../../../../../Users/Megqport/Documents/Unreal Projects/Shooter/Content/StarterContent/Particles/Materials/M_Radial_Gradient.uasset" 549
"../../../../../../Users/Megqport/Documents/Unreal Projects/Shooter/Content/StarterContent/Particles/P_Sparks.uasset" 550
"../../../../../../Users/Megqport/Documents/Unreal Projects/Shooter/Content/StarterContent/Audio/Fire_Sparks01_Cue.uasset" 551
"../../../../../../Users/Megqport/Documents/Unreal Projects/Shooter/Content/StarterContent/Blueprints/Blueprint_Effect_Sparks.uasset" 552
"../../../../../../Users/Megqport/Documents/Unreal Projects/Shooter/Content/StarterContent/Particles/P_Smoke.uasset" 553
"../../../../../../Users/Megqport/Documents/Unreal Projects/Shooter/Content/StarterContent/Audio/Smoke01_Cue.uasset" 554
"../../../../../../Users/Megqport/Documents/Unreal Projects/Shooter/Content/StarterContent/Blueprints/Blueprint_Effect_Smoke.uasset" 555
"../../../../../../Users/Megqport/Documents/Unreal Projects/Shooter/Content/StarterContent/Textures/T_Water_N.uasset" 556
"../../../../../../Users/Megqport/Documents/Unreal Projects/Shooter/Content/StarterContent/Particles/Materials/M_Heat_Distortion.uasset" 557
"../../../../../../Users/Megqport/Documents/Unreal Projects/Shooter/Content/StarterContent/Textures/T_Fire_Tiled_D.uasset" 558
"../../../../../../Users/Megqport/Documents/Unreal Projects/Shooter/Content/StarterContent/Textures/T_Fire_SubUV.uasset" 559
"../../../../../../Users/Megqport/Documents/Unreal Projects/Shooter/Content/StarterContent/Particles/Materials/M_Fire_SubUV.uasset" 560
"../../../../../../Users/Megqport/Documents/Unreal Projects/Shooter/Content/StarterContent/Particles/P_Fire.uasset" 561
"../../../../../../Users/Megqport/Documents/Unreal Projects/Shooter/Content/StarterContent/Audio/Fire01_Cue.uasset" 562
"../../../../../../Users/Megqport/Documents/Unreal Projects/Shooter/Content/StarterContent/Blueprints/Blueprint_Effect_Fire.uasset" 563
"../../../../../../Users/Megqport/Documents/Unreal Projects/Shooter/Content/StarterContent/Props/SM_Lamp_Ceiling.uasset" 564
"../../../../../../Users/Megqport/Documents/Unreal Projects/Shooter/Content/StarterContent/Blueprints/Blueprint_CeilingLight.uasset" 565
"../../../../../../Users/Megqport/Documents/Unreal Projects/Shooter/Content/StarterContent/Audio/Starter_Music_Cue.uasset" 566
"../../../../../../Users/Megqport/Documents/Unreal Projects/Shooter/Content/StarterContent/Audio/Collapse_Cue.uasset" 567
"../../../../../../Users/Megqport/Documents/Unreal Projects/Shooter/Content/StarterContent/Architecture/Wall_Window_400x300.uasset" 568
"../../../../../../Users/Megqport/Documents/Unreal Projects/Shooter/Content/StarterContent/Architecture/Wall_Door_400x300.uasset" 569
"../../../../../../Users/Megqport/Documents/Unreal Projects/Shooter/Content/StarterContent/Architecture/Wall_400x200.uasset" 570
"../../../../../../Users/Megqport/Documents/Unreal Projects/Shooter/Content/StarterContent/Shapes/Shape_Sphere.uasset" 571
"../../../../../../Users/Megqport/Documents/Unreal Projects/Shooter/Content/StarterContent/Shapes/Shape_QuadPyramid.uasset" 572
"../../../../../../Users/Megqport/Documents/Unreal Projects/Shooter/Content/StarterContent/Shapes/Shape_Cube.uasset" 573
"../../../../../../Users/Megqport/Documents/Unreal Projects/Shooter/Content/StarterContent/Textures/T_Frame_N.uasset" 574
"../../../../../../Users/Megqport/Documents/Unreal Projects/Shooter/Content/StarterContent/Textures/T_Frame_M.uasset" 575
"../../../../../../Users/Megqport/Documents/Unreal Projects/Shooter/Content/StarterContent/Props/Materials/M_Frame.uasset" 576
"../../../../../../Users/Megqport/Documents/Unreal Projects/Shooter/Content/StarterContent/Props/SM_WindowFrame.uasset" 577
"../../../../../../Users/Megqport/Documents/Unreal Projects/Shooter/Content/StarterContent/Props/SM_PillarFrame300.uasset" 578
"../../../../../../Users/Megqport/Documents/Unreal Projects/Shooter/Content/StarterContent/Props/SM_PillarFrame.uasset" 579
"../../../../../../Users/Megqport/Documents/Unreal Projects/Shooter/Content/StarterContent/Props/SM_GlassWindow.uasset" 580
"../../../../../../Users/Megqport/Documents/Unreal Projects/Shooter/Content/StarterContent/Props/SM_DoorFrame.uasset" 581
"../../../../../../Users/Megqport/Documents/Unreal Projects/Shooter/Content/StarterContent/Props/SM_CornerFrame.uasset" 582
"../../../../../../Users/Megqport/Documents/Unreal Projects/Shooter/Content/StarterContent/Props/MaterialSphere.uasset" 583
"../../../../../../Users/Megqport/Documents/Unreal Projects/Shooter/Content/StarterContent/Textures/T_Dust_Particle_D.uasset" 584
"../../../../../../Users/Megqport/Documents/Unreal Projects/Shooter/Content/StarterContent/Particles/Materials/M_Dust_Particle.uasset" 585
"../../../../../../Users/Megqport/Documents/Unreal Projects/Shooter/Content/StarterContent/Particles/P_Ambient_Dust.uasset" 586
"../../../../../../Users/Megqport/Documents/Unreal Projects/Shooter/Content/StarterContent/Textures/T_Wood_Walnut_N.uasset" 587
"../../../../../../Users/Megqport/Documents/Unreal Projects/Shooter/Content/StarterContent/Textures/T_Wood_Walnut_D.uasset" 588
"../../../../../../Users/Megqport/Documents/Unreal Projects/Shooter/Content/StarterContent/Materials/M_Wood_Walnut.uasset" 589
"../../../../../../Users/Megqport/Documents/Unreal Projects/Shooter/Content/StarterContent/Textures/T_Wood_Pine_N.uasset" 590
"../../../../../../Users/Megqport/Documents/Unreal Projects/Shooter/Content/StarterContent/Textures/T_Wood_Pine_D.uasset" 591
"../../../../../../Users/Megqport/Documents/Unreal Projects/Shooter/Content/StarterContent/Materials/M_Wood_Pine.uasset" 592
"../../../../../../Users/Megqport/Documents/Unreal Projects/Shooter/Content/StarterContent/Textures/T_Wood_Oak_N.uasset" 593
"../../../../../../Users/Megqport/Documents/Unreal Projects/Shooter/Content/StarterContent/Textures/T_Wood_Oak_D.uasset" 594
"../../../../../../Users/Megqport/Documents/Unreal Projects/Shooter/Content/StarterContent/Materials/M_Wood_Oak.uasset" 595
"../../../Engine/Content/Functions/Engine_MaterialFunctions01/Opacity/AlphaOffset.uasset" 596
"../../../../../../Users/Megqport/Documents/Unreal Projects/Shooter/Content/StarterContent/Textures/T_Wood_Floor_Walnut_N.uasset" 597
"../../../../../../Users/Megqport/Documents/Unreal Projects/Shooter/Content/StarterContent/Textures/T_Wood_Floor_Walnut_M.uasset" 598
"../../../../../../Users/Megqport/Documents/Unreal Projects/Shooter/Content/StarterContent/Textures/T_Wood_Floor_Walnut_D.uasset" 599
"../../../../../../Users/Megqport/Documents/Unreal Projects/Shooter/Content/StarterContent/Materials/M_Wood_Floor_Walnut_Worn.uasset" 600
"../../../../../../Users/Megqport/Documents/Unreal Projects/Shooter/Content/StarterContent/Materials/M_Wood_Floor_Walnut_Polished.uasset" 601
"../../../../../../Users/Megqport/Documents/Unreal Projects/Shooter/Content/StarterContent/Textures/T_Water_M.uasset" 602
"../../../../../../Users/Megqport/Documents/Unreal Projects/Shooter/Content/StarterContent/Materials/M_Water_Ocean.uasset" 603
"../../../../../../Users/Megqport/Documents/Unreal Projects/Shooter/Content/StarterContent/Materials/M_Water_Lake.uasset" 604
"../../../../../../Users/Megqport/Documents/Unreal Projects/Shooter/Content/StarterContent/Textures/T_Tech_Panel_N.uasset" 605
"../../../../../../Users/Megqport/Documents/Unreal Projects/Shooter/Content/StarterContent/Textures/T_Tech_Panel_M.uasset" 606
"../../../../../../Users/Megqport/Documents/Unreal Projects/Shooter/Content/StarterContent/Textures/T_Metal_Steel_D.uasset" 607
"../../../../../../Users/Megqport/Documents/Unreal Projects/Shooter/Content/StarterContent/Materials/M_Tech_Panel.uasset" 608
"../../../../../../Users/Megqport/Documents/Unreal Projects/Shooter/Content/StarterContent/Textures/T_Tech_Hex_Tile_N.uasset" 609
"../../../../../../Users/Megqport/Documents/Unreal Projects/Shooter/Content/StarterContent/Textures/T_Tech_Hex_Tile_M.uasset" 610
"../../../../../../Users/Megqport/Documents/Unreal Projects/Shooter/Content/StarterContent/Materials/M_Tech_Hex_Tile_Pulse.uasset" 611
"../../../../../../Users/Megqport/Documents/Unreal Projects/Shooter/Content/StarterContent/Materials/M_Tech_Hex_Tile.uasset" 612
"../../../../../../Users/Megqport/Documents/Unreal Projects/Shooter/Content/StarterContent/Textures/T_Tech_Dot_N.uasset" 613
"../../../../../../Users/Megqport/Documents/Unreal Projects/Shooter/Content/StarterContent/Textures/T_Tech_Dot_M.uasset" 614
"../../../../../../Users/Megqport/Documents/Unreal Projects/Shooter/Content/StarterContent/Textures/T_Single_Tile_N.uasset" 615
"../../../../../../Users/Megqport/Documents/Unreal Projects/Shooter/Content/StarterContent/Textures/T_Checker_Noise_M.uasset" 616
"../../../../../../Users/Megqport/Documents/Unreal Projects/Shooter/Content/StarterContent/Materials/M_Tech_Checker_Dot.uasset" 617
"../../../../../../Users/Megqport/Documents/Unreal Projects/Shooter/Content/StarterContent/Textures/T_Rock_Slate_N.uasset" 618
"../../../../../../Users/Megqport/Documents/Unreal Projects/Shooter/Content/StarterContent/Textures/T_Rock_Slate_D.uasset" 619
"../../../../../../Users/Megqport/Documents/Unreal Projects/Shooter/Content/StarterContent/Materials/M_Rock_Slate.uasset" 620
"../../../../../../Users/Megqport/Documents/Unreal Projects/Shooter/Content/StarterContent/Textures/T_Rock_Sandstone_N.uasset" 621
"../../../../../../Users/Megqport/Documents/Unreal Projects/Shooter/Content/StarterContent/Textures/T_Rock_Sandstone_D.uasset" 622
"../../../../../../Users/Megqport/Documents/Unreal Projects/Shooter/Content/StarterContent/Materials/M_Rock_Sandstone.uasset" 623
"../../../../../../Users/Megqport/Documents/Unreal Projects/Shooter/Content/StarterContent/Textures/T_Rock_Marble_Polished_D.uasset" 624
"../../../../../../Users/Megqport/Documents/Unreal Projects/Shooter/Content/StarterContent/Materials/M_Rock_Marble_Polished.uasset" 625
"../../../../../../Users/Megqport/Documents/Unreal Projects/Shooter/Content/StarterContent/Textures/T_Rock_Basalt_N.uasset" 626
"../../../../../../Users/Megqport/Documents/Unreal Projects/Shooter/Content/StarterContent/Materials/M_Rock_Basalt.uasset" 627
"../../../../../../Users/Megqport/Documents/Unreal Projects/Shooter/Content/StarterContent/Textures/T_Metal_Steel_N.uasset" 628
"../../../../../../Users/Megqport/Documents/Unreal Projects/Shooter/Content/StarterContent/Materials/M_Metal_Steel.uasset" 629
"../../../../../../Users/Megqport/Documents/Unreal Projects/Shooter/Content/StarterContent/Textures/T_Metal_Rust_D.uasset" 630
"../../../../../../Users/Megqport/Documents/Unreal Projects/Shooter/Content/StarterContent/Textures/T_Metal_Rust_N.uasset" 631
"../../../../../../Users/Megqport/Documents/Unreal Projects/Shooter/Content/StarterContent/Materials/M_Metal_Rust.uasset" 632
"../../../../../../Users/Megqport/Documents/Unreal Projects/Shooter/Content/StarterContent/Textures/T_Ground_Moss_N.uasset" 633
"../../../../../../Users/Megqport/Documents/Unreal Projects/Shooter/Content/StarterContent/Textures/T_ground_Moss_D.uasset" 634
"../../../../../../Users/Megqport/Documents/Unreal Projects/Shooter/Content/StarterContent/Materials/M_Ground_Moss.uasset" 635
"../../../../../../Users/Megqport/Documents/Unreal Projects/Shooter/Content/StarterContent/Textures/T_Ground_Gravel_N.uasset" 636
"../../../../../../Users/Megqport/Documents/Unreal Projects/Shooter/Content/StarterContent/Textures/T_Ground_Gravel_D.uasset" 637
"../../../../../../Users/Megqport/Documents/Unreal Projects/Shooter/Content/StarterContent/Materials/M_Ground_Gravel.uasset" 638
"../../../../../../Users/Megqport/Documents/Unreal Projects/Shooter/Content/StarterContent/Textures/T_Ground_Grass_N.uasset" 639
"../../../../../../Users/Megqport/Documents/Unreal Projects/Shooter/Content/StarterContent/Textures/T_Ground_Grass_D.uasset" 640
"../../../../../../Users/Megqport/Documents/Unreal Projects/Shooter/Content/StarterContent/Materials/M_Ground_Grass.uasset" 641
"../../../../../../Users/Megqport/Documents/Unreal Projects/Shooter/Content/StarterContent/Textures/T_Concrete_Tiles_Variation_M.uasset" 642
"../../../../../../Users/Megqport/Documents/Unreal Projects/Shooter/Content/StarterContent/Textures/T_Concrete_Tiles_N.uasset" 643
"../../../../../../Users/Megqport/Documents/Unreal Projects/Shooter/Content/StarterContent/Textures/T_Concrete_Tiles_M.uasset" 644
"../../../../../../Users/Megqport/Documents/Unreal Projects/Shooter/Content/StarterContent/Textures/T_Concrete_Tiles_D.uasset" 645
"../../../../../../Users/Megqport/Documents/Unreal Projects/Shooter/Content/StarterContent/Materials/M_Concrete_Tiles.uasset" 646
"../../../../../../Users/Megqport/Documents/Unreal Projects/Shooter/Content/StarterContent/Textures/T_Concrete_Poured_N.uasset" 647
"../../../../../../Users/Megqport/Documents/Unreal Projects/Shooter/Content/StarterContent/Textures/T_Concrete_Poured_D.uasset" 648
"../../../../../../Users/Megqport/Documents/Unreal Projects/Shooter/Content/StarterContent/Materials/M_Concrete_Poured.uasset" 649
"../../../../../../Users/Megqport/Documents/Unreal Projects/Shooter/Content/StarterContent/Textures/T_Concrete_Panels_N.uasset" 650
"../../../../../../Users/Megqport/Documents/Unreal Projects/Shooter/Content/StarterContent/Textures/T_Concrete_Panels_D.uasset" 651
"../../../../../../Users/Megqport/Documents/Unreal Projects/Shooter/Content/StarterContent/Materials/M_Concrete_Panels.uasset" 652
"../../../../../../Users/Megqport/Documents/Unreal Projects/Shooter/Content/StarterContent/Textures/T_Concrete_Grime_D.uasset" 653
"../../../../../../Users/Megqport/Documents/Unreal Projects/Shooter/Content/StarterContent/Materials/M_Concrete_Grime.uasset" 654
"../../../../../../Users/Megqport/Documents/Unreal Projects/Shooter/Content/StarterContent/Textures/T_CobbleStone_Smooth_N.uasset" 655
"../../../../../../Users/Megqport/Documents/Unreal Projects/Shooter/Content/StarterContent/Textures/T_CobbleStone_Smooth_M.uasset" 656
"../../../../../../Users/Megqport/Documents/Unreal Projects/Shooter/Content/StarterContent/Textures/T_CobbleStone_Smooth_D.uasset" 657
"../../../../../../Users/Megqport/Documents/Unreal Projects/Shooter/Content/StarterContent/Textures/T_Rock_Smooth_Granite_D.uasset" 658
"../../../../../../Users/Megqport/Documents/Unreal Projects/Shooter/Content/StarterContent/Textures/T_Gradinet_01.uasset" 659
"../../../../../../Users/Megqport/Documents/Unreal Projects/Shooter/Content/StarterContent/Materials/M_CobbleStone_Smooth.uasset" 660
"../../../../../../Users/Megqport/Documents/Unreal Projects/Shooter/Content/StarterContent/Textures/T_CobbleStone_Rough_N.uasset" 661
"../../../../../../Users/Megqport/Documents/Unreal Projects/Shooter/Content/StarterContent/Textures/T_CobbleStone_Rough_D.uasset" 662
"../../../../../../Users/Megqport/Documents/Unreal Projects/Shooter/Content/StarterContent/Materials/M_CobbleStone_Rough.uasset" 663
"../../../../../../Users/Megqport/Documents/Unreal Projects/Shooter/Content/StarterContent/Textures/T_CobbleStone_Pebble_N.uasset" 664
"../../../../../../Users/Megqport/Documents/Unreal Projects/Shooter/Content/StarterContent/Textures/T_CobbleStone_Pebble_M.uasset" 665
"../../../../../../Users/Megqport/Documents/Unreal Projects/Shooter/Content/StarterContent/Textures/T_CobbleStone_Pebble_D.uasset" 666
"../../../../../../Users/Megqport/Documents/Unreal Projects/Shooter/Content/StarterContent/Materials/M_CobbleStone_Pebble.uasset" 667
"../../../../../../Users/Megqport/Documents/Unreal Projects/Shooter/Content/StarterContent/Textures/T_Ceramic_Tile_N.uasset" 668
"../../../../../../Users/Megqport/Documents/Unreal Projects/Shooter/Content/StarterContent/Textures/T_Ceramic_Tile_M.uasset" 669
"../../../../../../Users/Megqport/Documents/Unreal Projects/Shooter/Content/StarterContent/Materials/M_Ceramic_Tile_Checker.uasset" 670
"../../../../../../Users/Megqport/Documents/Unreal Projects/Shooter/Content/StarterContent/Textures/T_Brick_Hewn_Stone_N.uasset" 671
"../../../../../../Users/Megqport/Documents/Unreal Projects/Shooter/Content/StarterContent/Textures/T_Brick_Hewn_Stone_M.uasset" 672
"../../../../../../Users/Megqport/Documents/Unreal Projects/Shooter/Content/StarterContent/Textures/T_Brick_Hewn_Stone_D.uasset" 673
"../../../../../../Users/Megqport/Documents/Unreal Projects/Shooter/Content/StarterContent/Materials/M_Brick_Hewn_Stone.uasset" 674
"../../../../../../Users/Megqport/Documents/Unreal Projects/Shooter/Content/StarterContent/Textures/T_Brick_Cut_Stone_N.uasset" 675
"../../../../../../Users/Megqport/Documents/Unreal Projects/Shooter/Content/StarterContent/Textures/T_Brick_Cut_Stone_D.uasset" 676
"../../../../../../Users/Megqport/Documents/Unreal Projects/Shooter/Content/StarterContent/Materials/M_Brick_Cut_Stone.uasset" 677
"../../../../../../Users/Megqport/Documents/Unreal Projects/Shooter/Content/StarterContent/Maps/StarterMap.umap" 678
"../../../Engine/Content/Maps/Entry_BuiltData.uasset" 679
"../../../Engine/Content/Maps/Entry.umap" 680
